[ 2018-05-30T09:00:49+08:00 ] ::1 /tp/Admin/test/save
ERR: 非法操作:save

[ 2018-05-30T09:01:13+08:00 ] ::1 /tp/Admin/test/save
ERR: 非法操作:save

[ 2018-05-30T09:01:14+08:00 ] ::1 /tp/Admin/test/save
ERR: 非法操作:save

[ 2018-05-30T09:03:19+08:00 ] ::1 /tp/Admin/test/save
ERR: 非法操作:save

[ 2018-05-30T09:03:20+08:00 ] ::1 /tp/Admin/test/save
ERR: 非法操作:save

[ 2018-05-30T09:03:20+08:00 ] ::1 /tp/Admin/test/save
ERR: 非法操作:save

[ 2018-05-30T09:03:25+08:00 ] ::1 /tp/Admin/test/save
ERR: 非法操作:save

[ 2018-05-30T09:03:36+08:00 ] ::1 /tp/Admin/test/save
ERR: 非法操作:save

[ 2018-05-30T09:03:51+08:00 ] ::1 /tp/Admin/test/save
ERR: 非法操作:save

[ 2018-05-30T09:03:52+08:00 ] ::1 /tp/Admin/test/save
ERR: 非法操作:save

[ 2018-05-30T09:03:53+08:00 ] ::1 /tp/Admin/test/save
ERR: 非法操作:save

[ 2018-05-30T09:03:59+08:00 ] ::1 /tp/Admin/name/save
ERR: 无法加载控制器:Name

[ 2018-05-30T09:04:17+08:00 ] ::1 /tp/Admin/name/save
ERR: 无法加载控制器:Name

[ 2018-05-30T09:04:18+08:00 ] ::1 /tp/Admin/name/save
ERR: 无法加载控制器:Name

[ 2018-05-30T09:04:23+08:00 ] ::1 /tp/Admin/name/save
ERR: 无法加载控制器:Name

[ 2018-05-30T09:04:50+08:00 ] ::1 /tp/Admin/name/save
ERR: 无法加载控制器:Name

[ 2018-05-30T09:04:51+08:00 ] ::1 /tp/Admin/name/save
ERR: 无法加载控制器:Name

[ 2018-05-30T09:13:22+08:00 ] ::1 /tp/Admin/name/save
ERR: 无法加载控制器:Name

[ 2018-05-30T09:17:31+08:00 ] ::1 /tp/Admin/Name/save
ERR: 无法加载控制器:Name

[ 2018-05-30T09:19:03+08:00 ] ::1 /tp/Admin/Name/save
ERR: 无法加载控制器:Name

[ 2018-05-30T09:19:04+08:00 ] ::1 /tp/Admin/Name/save
ERR: 无法加载控制器:Name

[ 2018-05-30T09:19:04+08:00 ] ::1 /tp/Admin/Name/save
ERR: 无法加载控制器:Name

[ 2018-05-30T09:19:05+08:00 ] ::1 /tp/Admin/Name/save
ERR: 无法加载控制器:Name

[ 2018-05-30T09:19:05+08:00 ] ::1 /tp/Admin/Name/save
ERR: 无法加载控制器:Name

[ 2018-05-30T09:19:06+08:00 ] ::1 /tp/Admin/Name/save
ERR: 无法加载控制器:Name

[ 2018-05-30T09:19:06+08:00 ] ::1 /tp/Admin/Name/save
ERR: 无法加载控制器:Name

[ 2018-05-30T09:30:53+08:00 ] ::1 /tp/Admin/Name/save
INFO: [ app_init ] --START--
INFO: Run Behavior\BuildLiteBehavior [ RunTime:0.000022s ]
INFO: [ app_init ] --END-- [ RunTime:0.000800s ]
INFO: [ app_begin ] --START--
INFO: Run Behavior\ReadHtmlCacheBehavior [ RunTime:0.001781s ]
INFO: [ app_begin ] --END-- [ RunTime:0.001972s ]
SQL: SHOW COLUMNS FROM `tp_name` [ RunTime:0.0006s ]
SQL: INSERT INTO `tp_name` (`uname`) VALUES ('chengyihu') [ RunTime:0.0003s ]
INFO: [ app_end ] --START--
INFO: Run Behavior\ShowPageTraceBehavior [ RunTime:0.001448s ]
INFO: [ app_end ] --END-- [ RunTime:0.001551s ]

[ 2018-05-30T09:31:15+08:00 ] ::1 /tp/Admin/Name/del
INFO: [ app_init ] --START--
INFO: Run Behavior\BuildLiteBehavior [ RunTime:0.000023s ]
INFO: [ app_init ] --END-- [ RunTime:0.000840s ]
INFO: [ app_begin ] --START--
INFO: Run Behavior\ReadHtmlCacheBehavior [ RunTime:0.001736s ]
INFO: [ app_begin ] --END-- [ RunTime:0.001895s ]
SQL: SHOW COLUMNS FROM `tp_name` [ RunTime:0.0009s ]
INFO: [ app_end ] --START--
INFO: Run Behavior\ShowPageTraceBehavior [ RunTime:0.001342s ]
INFO: [ app_end ] --END-- [ RunTime:0.001483s ]

[ 2018-05-30T09:32:37+08:00 ] ::1 /tp/Admin/Name/del
INFO: [ app_init ] --START--
INFO: Run Behavior\BuildLiteBehavior [ RunTime:0.000023s ]
INFO: [ app_init ] --END-- [ RunTime:0.000820s ]
INFO: [ app_begin ] --START--
INFO: Run Behavior\ReadHtmlCacheBehavior [ RunTime:0.001349s ]
INFO: [ app_begin ] --END-- [ RunTime:0.001454s ]
SQL: SHOW COLUMNS FROM `tp_name` [ RunTime:0.0021s ]
INFO: [ app_end ] --START--
INFO: Run Behavior\ShowPageTraceBehavior [ RunTime:0.002105s ]
INFO: [ app_end ] --END-- [ RunTime:0.002220s ]

[ 2018-05-30T09:32:38+08:00 ] ::1 /tp/Admin/Name/del
INFO: [ app_init ] --START--
INFO: Run Behavior\BuildLiteBehavior [ RunTime:0.000027s ]
INFO: [ app_init ] --END-- [ RunTime:0.000961s ]
INFO: [ app_begin ] --START--
INFO: Run Behavior\ReadHtmlCacheBehavior [ RunTime:0.001295s ]
INFO: [ app_begin ] --END-- [ RunTime:0.001419s ]
SQL: SHOW COLUMNS FROM `tp_name` [ RunTime:0.0010s ]
INFO: [ app_end ] --START--
INFO: Run Behavior\ShowPageTraceBehavior [ RunTime:0.001430s ]
INFO: [ app_end ] --END-- [ RunTime:0.001578s ]

[ 2018-05-30T09:32:38+08:00 ] ::1 /tp/Admin/Name/del
INFO: [ app_init ] --START--
INFO: Run Behavior\BuildLiteBehavior [ RunTime:0.000023s ]
INFO: [ app_init ] --END-- [ RunTime:0.000831s ]
INFO: [ app_begin ] --START--
INFO: Run Behavior\ReadHtmlCacheBehavior [ RunTime:0.001548s ]
INFO: [ app_begin ] --END-- [ RunTime:0.001707s ]
SQL: SHOW COLUMNS FROM `tp_name` [ RunTime:0.0010s ]
INFO: [ app_end ] --START--
INFO: Run Behavior\ShowPageTraceBehavior [ RunTime:0.001542s ]
INFO: [ app_end ] --END-- [ RunTime:0.001658s ]

[ 2018-05-30T09:33:46+08:00 ] ::1 /tp/Admin/Name/del
INFO: [ app_init ] --START--
INFO: Run Behavior\BuildLiteBehavior [ RunTime:0.000031s ]
INFO: [ app_init ] --END-- [ RunTime:0.000968s ]
INFO: [ app_begin ] --START--
INFO: Run Behavior\ReadHtmlCacheBehavior [ RunTime:0.001464s ]
INFO: [ app_begin ] --END-- [ RunTime:0.001620s ]
SQL: SHOW COLUMNS FROM `tp_name` [ RunTime:0.0007s ]
SQL: DELETE FROM `tp_name` WHERE `id` = 1 [ RunTime:0.0004s ]
INFO: [ app_end ] --START--
INFO: Run Behavior\ShowPageTraceBehavior [ RunTime:0.001483s ]
INFO: [ app_end ] --END-- [ RunTime:0.001587s ]

[ 2018-05-30T10:17:38+08:00 ] ::1 /tp/Admin/Test/test/id/100
INFO: [ app_init ] --START--
INFO: Run Behavior\BuildLiteBehavior [ RunTime:0.000039s ]
INFO: [ app_init ] --END-- [ RunTime:0.001014s ]
INFO: [ app_begin ] --START--
INFO: Run Behavior\ReadHtmlCacheBehavior [ RunTime:0.001428s ]
INFO: [ app_begin ] --END-- [ RunTime:0.001554s ]
INFO: [ view_parse ] --START--
INFO: [ template_filter ] --START--
INFO: Run Behavior\ContentReplaceBehavior [ RunTime:0.000072s ]
INFO: [ template_filter ] --END-- [ RunTime:0.000184s ]
INFO: Run Behavior\ParseTemplateBehavior [ RunTime:0.010652s ]
INFO: [ view_parse ] --END-- [ RunTime:0.010781s ]
INFO: [ view_filter ] --START--
INFO: Run Behavior\WriteHtmlCacheBehavior [ RunTime:0.001177s ]
INFO: [ view_filter ] --END-- [ RunTime:0.001277s ]
INFO: [ app_end ] --START--
INFO: Run Behavior\ShowPageTraceBehavior [ RunTime:0.002477s ]
INFO: [ app_end ] --END-- [ RunTime:0.002674s ]

[ 2018-05-30T10:17:51+08:00 ] ::1 /tp/Admin/Admin/select
INFO: [ app_init ] --START--
INFO: Run Behavior\BuildLiteBehavior [ RunTime:0.000023s ]
INFO: [ app_init ] --END-- [ RunTime:0.001054s ]
INFO: [ app_begin ] --START--
INFO: Run Behavior\ReadHtmlCacheBehavior [ RunTime:0.001519s ]
INFO: [ app_begin ] --END-- [ RunTime:0.001669s ]
ERR: 无法加载控制器:Admin

[ 2018-05-30T10:18:15+08:00 ] ::1 /tp/Admin/Admin/select
INFO: [ app_init ] --START--
INFO: Run Behavior\BuildLiteBehavior [ RunTime:0.000023s ]
INFO: [ app_init ] --END-- [ RunTime:0.000864s ]
INFO: [ app_begin ] --START--
INFO: Run Behavior\ReadHtmlCacheBehavior [ RunTime:0.001384s ]
INFO: [ app_begin ] --END-- [ RunTime:0.001583s ]
ERR: 无法加载控制器:Admin

[ 2018-05-30T10:18:30+08:00 ] ::1 /tp/Admin/Name/select
INFO: [ app_init ] --START--
INFO: Run Behavior\BuildLiteBehavior [ RunTime:0.000065s ]
INFO: [ app_init ] --END-- [ RunTime:0.001257s ]
INFO: [ app_begin ] --START--
INFO: Run Behavior\ReadHtmlCacheBehavior [ RunTime:0.001234s ]
INFO: [ app_begin ] --END-- [ RunTime:0.001356s ]
SQL: SHOW COLUMNS FROM `tp_name` [ RunTime:0.0018s ]
SQL: SELECT * FROM `tp_name`  [ RunTime:0.0004s ]
INFO: [ app_end ] --START--
INFO: Run Behavior\ShowPageTraceBehavior [ RunTime:0.001470s ]
INFO: [ app_end ] --END-- [ RunTime:0.001637s ]

[ 2018-05-30T10:18:32+08:00 ] ::1 /tp/Admin/Name/select
INFO: [ app_init ] --START--
INFO: Run Behavior\BuildLiteBehavior [ RunTime:0.000040s ]
INFO: [ app_init ] --END-- [ RunTime:0.001192s ]
INFO: [ app_begin ] --START--
INFO: Run Behavior\ReadHtmlCacheBehavior [ RunTime:0.001597s ]
INFO: [ app_begin ] --END-- [ RunTime:0.001769s ]
SQL: SHOW COLUMNS FROM `tp_name` [ RunTime:0.0008s ]
SQL: SELECT * FROM `tp_name`  [ RunTime:0.0006s ]
INFO: [ app_end ] --START--
INFO: Run Behavior\ShowPageTraceBehavior [ RunTime:0.001704s ]
INFO: [ app_end ] --END-- [ RunTime:0.001833s ]

[ 2018-05-30T10:18:46+08:00 ] ::1 /tp/Admin/Name/select
INFO: [ app_init ] --START--
INFO: Run Behavior\BuildLiteBehavior [ RunTime:0.000024s ]
INFO: [ app_init ] --END-- [ RunTime:0.000966s ]
INFO: [ app_begin ] --START--
INFO: Run Behavior\ReadHtmlCacheBehavior [ RunTime:0.001153s ]
INFO: [ app_begin ] --END-- [ RunTime:0.001338s ]
SQL: SHOW COLUMNS FROM `tp_name` [ RunTime:0.0007s ]
SQL: SELECT * FROM `tp_name`  [ RunTime:0.0003s ]
INFO: [ app_end ] --START--
INFO: Run Behavior\ShowPageTraceBehavior [ RunTime:0.001390s ]
INFO: [ app_end ] --END-- [ RunTime:0.001507s ]

[ 2018-05-30T12:22:54+08:00 ] ::1 /tp/Admin/Name/select
INFO: [ app_init ] --START--
INFO: Run Behavior\BuildLiteBehavior [ RunTime:0.000028s ]
INFO: [ app_init ] --END-- [ RunTime:0.005242s ]
INFO: [ app_begin ] --START--
INFO: Run Behavior\ReadHtmlCacheBehavior [ RunTime:0.042943s ]
INFO: [ app_begin ] --END-- [ RunTime:0.043077s ]
SQL: SHOW COLUMNS FROM `tp_name` [ RunTime:0.0015s ]
SQL: SELECT * FROM `tp_name`  [ RunTime:0.0003s ]
INFO: [ app_end ] --START--
INFO: Run Behavior\ShowPageTraceBehavior [ RunTime:0.014816s ]
INFO: [ app_end ] --END-- [ RunTime:0.014925s ]

